#-----------------------------------------------------------
# Vivado v2018.3 (64-bit)
# SW Build 2405991 on Thu Dec  6 23:38:27 MST 2018
# IP Build 2404404 on Fri Dec  7 01:43:56 MST 2018
# Start of session at: Tue Feb 20 15:03:32 2024
# Process ID: 42252
# Current directory: C:/Users/orucc/Desktop/Coding_Projects/Kasýrga_Ates_Teknofest/Teknofest-Ates-Processor-Design/Constants
# Command line: vivado.exe -gui_launcher_event rodinguilauncherevent17664 C:\Users\orucc\Desktop\Coding_Projects\Kasýrga_Ates_Teknofest\Teknofest-Ates-Processor-Design\Constants\Processor_Constants.xpr
# Log file: C:/Users/orucc/Desktop/Coding_Projects/Kasýrga_Ates_Teknofest/Teknofest-Ates-Processor-Design/Constants/vivado.log
# Journal file: C:/Users/orucc/Desktop/Coding_Projects/Kasýrga_Ates_Teknofest/Teknofest-Ates-Processor-Design/Constants\vivado.jou
#-----------------------------------------------------------
start_gui
open_project C:/Users/orucc/Desktop/Coding_Projects/Kasýrga_Ates_Teknofest/Teknofest-Ates-Processor-Design/Constants/Processor_Constants.xpr
INFO: [ProjectBase 1-489] The host OS only allows 260 characters in a normal path. The project is stored in a path with more than 80 characters. If you experience issues with IP, Block Designs, or files not being found, please consider moving the project to a location with a shorter path. Alternately consider using the OS subst command to map part of the path to a drive letter.
Current project path is 'C:/Users/orucc/Desktop/Coding_Projects/Kasýrga_Ates_Teknofest/Teknofest-Ates-Processor-Design/Constants'
Scanning sources...
Finished scanning sources
INFO: [IP_Flow 19-234] Refreshing IP repositories
INFO: [IP_Flow 19-1704] No user IP repositories specified
INFO: [IP_Flow 19-2313] Loaded Vivado IP repository 'C:/Xilinx/Vivado/2018.3/data/ip'.
update_compile_order -fileset sources_1
exit
INFO: [Common 17-206] Exiting Vivado at Tue Feb 20 15:04:25 2024...
